e:\pacman\src\x64\release\vc143.pdb
e:\pacman\src\x64\release\screen_2.obj
e:\pacman\src\x64\release\screen_1.obj
e:\pacman\src\x64\release\screen_0.obj
e:\pacman\src\x64\release\player.obj
e:\pacman\src\x64\release\pacman.obj
e:\pacman\src\x64\release\menu.obj
e:\pacman\src\x64\release\map.obj
e:\pacman\src\x64\release\main.obj
e:\pacman\src\x64\release\ghost.obj
e:\pacman\src\x64\release\cscreen.obj
e:\pacman\src\x64\release\pacman.exe
e:\pacman\src\x64\release\pacman.pdb
e:\pacman\src\x64\release\pacman.ipdb
e:\pacman\src\x64\release\pacman.iobj
e:\pacman\src\x64\release\src.tlog\cl.command.1.tlog
e:\pacman\src\x64\release\src.tlog\cl.read.1.tlog
e:\pacman\src\x64\release\src.tlog\cl.write.1.tlog
e:\pacman\src\x64\release\src.tlog\link.command.1.tlog
e:\pacman\src\x64\release\src.tlog\link.read.1.tlog
e:\pacman\src\x64\release\src.tlog\link.write.1.tlog
e:\pacman\src\x64\release\src.tlog\src.write.1u.tlog
