  ghost.cpp
E:\pacman\src\ghost.cpp(130,33): warning C4244: +=: преобразование "double" в "float", возможна потеря данных
E:\pacman\src\ghost.cpp(136,33): warning C4244: +=: преобразование "double" в "float", возможна потеря данных
  main.cpp
E:\pacman\src\main.cpp(24,79): warning C4305: аргумент: усечение из "double" в "float"
E:\pacman\src\main.cpp(25,80): warning C4305: аргумент: усечение из "double" в "float"
E:\pacman\src\main.cpp(26,80): warning C4305: аргумент: усечение из "double" в "float"
E:\pacman\src\main.cpp(27,80): warning C4305: аргумент: усечение из "double" в "float"
E:\pacman\src\main.cpp(36,20): warning C4244: инициализация: преобразование "sf::Int64" в "float", возможна потеря данных
E:\pacman\src\main.cpp(38,33): warning C4244: +=: преобразование "float" в "int", возможна потеря данных
  map.cpp
E:\pacman\src\map.cpp(169,52): warning C4244: аргумент: преобразование "int" в "float", возможна потеря данных
E:\pacman\src\map.cpp(169,43): warning C4244: аргумент: преобразование "int" в "float", возможна потеря данных
  pacman.cpp
E:\pacman\src\pacman.cpp(27,25): warning C4305: =: усечение из "double" в "float"
E:\pacman\src\pacman.cpp(34,25): warning C4305: =: усечение из "double" в "float"
E:\pacman\src\pacman.cpp(41,25): warning C4305: =: усечение из "double" в "float"
E:\pacman\src\pacman.cpp(48,25): warning C4305: =: усечение из "double" в "float"
E:\pacman\src\pacman.cpp(86,27): warning C4244: +=: преобразование "float" в "int", возможна потеря данных
E:\pacman\src\pacman.cpp(94,26): warning C4244: +=: преобразование "float" в "int", возможна потеря данных
E:\pacman\src\pacman.cpp(202,33): warning C4244: +=: преобразование "double" в "float", возможна потеря данных
E:\pacman\src\pacman.cpp(208,32): warning C4244: +=: преобразование "double" в "float", возможна потеря данных
E:\pacman\src\pacman.cpp(233,16): warning C4244: инициализация: преобразование "float" в "int", возможна потеря данных
E:\pacman\src\pacman.cpp(235,20): warning C4244: инициализация: преобразование "float" в "int", возможна потеря данных
E:\pacman\src\pacman.cpp(242,33): warning C4244: =: преобразование "int" в "float", возможна потеря данных
E:\pacman\src\pacman.cpp(246,33): warning C4244: =: преобразование "int" в "float", возможна потеря данных
E:\pacman\src\pacman.cpp(250,41): warning C4244: =: преобразование "int" в "float", возможна потеря данных
E:\pacman\src\pacman.cpp(254,41): warning C4244: =: преобразование "int" в "float", возможна потеря данных
  player.cpp
E:\pacman\src\player.cpp(30,16): warning C4244: return: преобразование "double" в "float", возможна потеря данных
E:\pacman\src\player.cpp(39,16): warning C4244: return: преобразование "double" в "float", возможна потеря данных
E:\pacman\src\player.cpp(44,16): warning C4244: return: преобразование "double" в "float", возможна потеря данных
  Создание кода
  1 of 384 functions ( 0.3%) were compiled, the rest were copied from previous compilation.
    0 functions were new in current compilation
    0 functions had inline decision re-evaluated but remain unchanged
  Создание кода завершено
  src.vcxproj -> E:\pacman\src\x64\Release\pacman.exe
